<?xml version="1.0" encoding="UTF-8"?>
<!-- Generated by org.testng.reporters.JUnitReportReporter -->
<testsuite skipped="15" hostname="DESKTOP-LBJPR90" name="zClassCalcScnt.testLayer.NumPadFun" tests="16" failures="0" timestamp="12 Jun 2019 06:40:37 GMT" time="4.399" errors="1">
  <testcase name="btn_SixTest" time="0.000" classname="zClassCalcScnt.testLayer.NumPadFun">
    <skipped/>
  </testcase> <!-- btn_SixTest -->
  <testcase name="setUp" time="4.399" classname="zClassCalcScnt.testLayer.NumPadFun">
    <error type="org.openqa.selenium.NoSuchWindowException" message="no such window: target window already closed
from unknown error: web view not found
  (Session info: chrome=75.0.3770.80)
Build info: version: &#039;3.141.5&#039;, revision: &#039;d54ebd709a&#039;, time: &#039;2018-11-06T11:42:16&#039;
System info: host: &#039;DESKTOP-LBJPR90&#039;, ip: &#039;192.168.0.106&#039;, os.name: &#039;Windows 10&#039;, os.arch: &#039;amd64&#039;, os.version: &#039;10.0&#039;, java.version: &#039;1.8.0_201&#039;
Driver info: org.openqa.selenium.chrome.ChromeDriver
Capabilities {acceptInsecureCerts: false, browserName: chrome, browserVersion: 75.0.3770.80, chrome: {chromedriverVersion: 75.0.3770.8 (681f24ea911fe7..., userDataDir: C:\Users\PRIYAN~1\AppData\L...}, goog:chromeOptions: {debuggerAddress: localhost:58712}, javascriptEnabled: true, networkConnectionEnabled: false, pageLoadStrategy: normal, platform: XP, platformName: XP, proxy: Proxy(), setWindowRect: true, strictFileInteractability: false, timeouts: {implicit: 0, pageLoad: 300000, script: 30000}, unhandledPromptBehavior: dismiss and notify}
Session ID: ec6f6b8093323065d4904cfcd88b685e
*** Element info: {Using=css selector, value=frame[name=&#039;basic_calc&#039;],iframe[name=&#039;basic_calc&#039;]}">
      <![CDATA[org.openqa.selenium.NoSuchWindowException: no such window: target window already closed
from unknown error: web view not found
  (Session info: chrome=75.0.3770.80)
Build info: version: '3.141.5', revision: 'd54ebd709a', time: '2018-11-06T11:42:16'
System info: host: 'DESKTOP-LBJPR90', ip: '192.168.0.106', os.name: 'Windows 10', os.arch: 'amd64', os.version: '10.0', java.version: '1.8.0_201'
Driver info: org.openqa.selenium.chrome.ChromeDriver
Capabilities {acceptInsecureCerts: false, browserName: chrome, browserVersion: 75.0.3770.80, chrome: {chromedriverVersion: 75.0.3770.8 (681f24ea911fe7..., userDataDir: C:\Users\PRIYAN~1\AppData\L...}, goog:chromeOptions: {debuggerAddress: localhost:58712}, javascriptEnabled: true, networkConnectionEnabled: false, pageLoadStrategy: normal, platform: XP, platformName: XP, proxy: Proxy(), setWindowRect: true, strictFileInteractability: false, timeouts: {implicit: 0, pageLoad: 300000, script: 30000}, unhandledPromptBehavior: dismiss and notify}
Session ID: ec6f6b8093323065d4904cfcd88b685e
*** Element info: {Using=css selector, value=frame[name='basic_calc'],iframe[name='basic_calc']}
at sun.reflect.NativeConstructorAccessorImpl.newInstance0(Native Method)
at sun.reflect.NativeConstructorAccessorImpl.newInstance(NativeConstructorAccessorImpl.java:62)
at sun.reflect.DelegatingConstructorAccessorImpl.newInstance(DelegatingConstructorAccessorImpl.java:45)
at java.lang.reflect.Constructor.newInstance(Constructor.java:423)
at org.openqa.selenium.remote.http.W3CHttpResponseCodec.createException(W3CHttpResponseCodec.java:187)
at org.openqa.selenium.remote.http.W3CHttpResponseCodec.decode(W3CHttpResponseCodec.java:122)
at org.openqa.selenium.remote.http.W3CHttpResponseCodec.decode(W3CHttpResponseCodec.java:49)
at org.openqa.selenium.remote.HttpCommandExecutor.execute(HttpCommandExecutor.java:158)
at org.openqa.selenium.remote.service.DriverCommandExecutor.execute(DriverCommandExecutor.java:83)
at org.openqa.selenium.remote.RemoteWebDriver.execute(RemoteWebDriver.java:552)
at org.openqa.selenium.remote.RemoteWebDriver.findElements(RemoteWebDriver.java:353)
at org.openqa.selenium.remote.RemoteWebDriver.findElementsByCssSelector(RemoteWebDriver.java:424)
at org.openqa.selenium.By$ByCssSelector.findElements(By.java:441)
at org.openqa.selenium.remote.RemoteWebDriver.findElements(RemoteWebDriver.java:311)
at org.openqa.selenium.remote.RemoteWebDriver$RemoteTargetLocator.frame(RemoteWebDriver.java:878)
at zClassCalcScnt.ScientificPage.ScientificFunctionality.switchFrame(ScientificFunctionality.java:76)
at zClassCalcScnt.testLayer.NumPadFun.setUp(NumPadFun.java:27)
at sun.reflect.NativeMethodAccessorImpl.invoke0(Native Method)
at sun.reflect.NativeMethodAccessorImpl.invoke(NativeMethodAccessorImpl.java:62)
at sun.reflect.DelegatingMethodAccessorImpl.invoke(DelegatingMethodAccessorImpl.java:43)
at java.lang.reflect.Method.invoke(Method.java:498)
at org.testng.internal.MethodInvocationHelper.invokeMethod(MethodInvocationHelper.java:124)
at org.testng.internal.MethodInvocationHelper.invokeMethodConsideringTimeout(MethodInvocationHelper.java:59)
at org.testng.internal.Invoker.invokeConfigurationMethod(Invoker.java:458)
at org.testng.internal.Invoker.invokeConfigurations(Invoker.java:222)
at org.testng.internal.Invoker.invokeConfigurations(Invoker.java:142)
at org.testng.internal.TestMethodWorker.invokeBeforeClassMethods(TestMethodWorker.java:168)
at org.testng.internal.TestMethodWorker.run(TestMethodWorker.java:105)
at org.testng.TestRunner.privateRun(TestRunner.java:648)
at org.testng.TestRunner.run(TestRunner.java:505)
at org.testng.SuiteRunner.runTest(SuiteRunner.java:455)
at org.testng.SuiteRunner.runSequentially(SuiteRunner.java:450)
at org.testng.SuiteRunner.privateRun(SuiteRunner.java:415)
at org.testng.SuiteRunner.run(SuiteRunner.java:364)
at org.testng.SuiteRunnerWorker.runSuite(SuiteRunnerWorker.java:52)
at org.testng.SuiteRunnerWorker.run(SuiteRunnerWorker.java:84)
at org.testng.TestNG.runSuitesSequentially(TestNG.java:1208)
at org.testng.TestNG.runSuitesLocally(TestNG.java:1137)
at org.testng.TestNG.runSuites(TestNG.java:1049)
at org.testng.TestNG.run(TestNG.java:1017)
at org.testng.remote.AbstractRemoteTestNG.run(AbstractRemoteTestNG.java:115)
at org.testng.remote.RemoteTestNG.initAndRun(RemoteTestNG.java:251)
at org.testng.remote.RemoteTestNG.main(RemoteTestNG.java:77)
]]>
    </error>
  </testcase> <!-- setUp -->
  <testcase name="btn_FourTest" time="0.000" classname="zClassCalcScnt.testLayer.NumPadFun">
    <skipped/>
  </testcase> <!-- btn_FourTest -->
  <testcase name="btn_SevenTest" time="0.000" classname="zClassCalcScnt.testLayer.NumPadFun">
    <skipped/>
  </testcase> <!-- btn_SevenTest -->
  <testcase name="btn_SqRtTest" time="0.000" classname="zClassCalcScnt.testLayer.NumPadFun">
    <skipped/>
  </testcase> <!-- btn_SqRtTest -->
  <testcase name="btn_ThreeTest" time="0.000" classname="zClassCalcScnt.testLayer.NumPadFun">
    <skipped/>
  </testcase> <!-- btn_ThreeTest -->
  <testcase name="btn_FiveTest" time="0.000" classname="zClassCalcScnt.testLayer.NumPadFun">
    <skipped/>
  </testcase> <!-- btn_FiveTest -->
  <testcase name="btn_NineTest" time="0.000" classname="zClassCalcScnt.testLayer.NumPadFun">
    <skipped/>
  </testcase> <!-- btn_NineTest -->
  <testcase name="btn_EightTest" time="0.000" classname="zClassCalcScnt.testLayer.NumPadFun">
    <skipped/>
  </testcase> <!-- btn_EightTest -->
  <testcase name="btn_OneTest" time="0.000" classname="zClassCalcScnt.testLayer.NumPadFun">
    <skipped/>
  </testcase> <!-- btn_OneTest -->
  <testcase name="btn_TwoTest" time="0.000" classname="zClassCalcScnt.testLayer.NumPadFun">
    <skipped/>
  </testcase> <!-- btn_TwoTest -->
  <testcase name="HomePageTitleTest" time="0.000" classname="zClassCalcScnt.testLayer.NumPadFun">
    <skipped/>
  </testcase> <!-- HomePageTitleTest -->
  <testcase name="btn_openParent" time="0.000" classname="zClassCalcScnt.testLayer.NumPadFun">
    <skipped/>
  </testcase> <!-- btn_openParent -->
  <testcase name="btn_closeParent" classname="zClassCalcScnt.testLayer.NumPadFun">
    <skipped/>
  </testcase> <!-- btn_closeParent -->
  <testcase name="AutoCalculate2Test" classname="zClassCalcScnt.testLayer.NumPadFun">
    <skipped/>
  </testcase> <!-- AutoCalculate2Test -->
  <testcase name="AutoCalculate1Test" classname="zClassCalcScnt.testLayer.NumPadFun">
    <skipped/>
  </testcase> <!-- AutoCalculate1Test -->
</testsuite> <!-- zClassCalcScnt.testLayer.NumPadFun -->
