<?xml version="1.0" encoding="UTF-8"?>
<!-- Generated by org.testng.reporters.JUnitReportReporter -->
<testsuite skipped="3" hostname="DESKTOP-LBJPR90" name="zClassCalcScnt.testLayer.ScientificFunctionalityTest" tests="15" failures="1" timestamp="12 Jun 2019 06:30:00 GMT" time="3.041" errors="0">
  <testcase name="btn_EightTest" time="0.301" classname="zClassCalcScnt.testLayer.ScientificFunctionalityTest"/>
  <testcase name="btn_SixTest" time="0.230" classname="zClassCalcScnt.testLayer.ScientificFunctionalityTest"/>
  <testcase name="btn_FourTest" time="0.270" classname="zClassCalcScnt.testLayer.ScientificFunctionalityTest"/>
  <testcase name="btn_OneTest" time="0.226" classname="zClassCalcScnt.testLayer.ScientificFunctionalityTest"/>
  <testcase name="btn_NineTest" time="0.237" classname="zClassCalcScnt.testLayer.ScientificFunctionalityTest"/>
  <testcase name="btn_SqRtTest" time="0.282" classname="zClassCalcScnt.testLayer.ScientificFunctionalityTest"/>
  <testcase name="btn_SevenTest" time="0.283" classname="zClassCalcScnt.testLayer.ScientificFunctionalityTest"/>
  <testcase name="btn_openParent" time="0.286" classname="zClassCalcScnt.testLayer.ScientificFunctionalityTest">
    <failure type="java.lang.AssertionError" message="expected:&lt;()&gt; but was:&lt;  (  &gt;">
      <![CDATA[java.lang.AssertionError: expected:<()> but was:<  (  >
at org.testng.AssertJUnit.assertEquals(AssertJUnit.java:101)
at org.testng.AssertJUnit.assertEquals(AssertJUnit.java:108)
at zClassCalcScnt.testLayer.ScientificFunctionalityTest.btn_openParent(ScientificFunctionalityTest.java:97)
at sun.reflect.NativeMethodAccessorImpl.invoke0(Native Method)
at sun.reflect.NativeMethodAccessorImpl.invoke(NativeMethodAccessorImpl.java:62)
at sun.reflect.DelegatingMethodAccessorImpl.invoke(DelegatingMethodAccessorImpl.java:43)
at java.lang.reflect.Method.invoke(Method.java:498)
at org.testng.internal.MethodInvocationHelper.invokeMethod(MethodInvocationHelper.java:124)
at org.testng.internal.Invoker.invokeMethod(Invoker.java:583)
at org.testng.internal.Invoker.invokeTestMethod(Invoker.java:719)
at org.testng.internal.Invoker.invokeTestMethods(Invoker.java:989)
at org.testng.internal.TestMethodWorker.invokeTestMethods(TestMethodWorker.java:125)
at org.testng.internal.TestMethodWorker.run(TestMethodWorker.java:109)
at org.testng.TestRunner.privateRun(TestRunner.java:648)
at org.testng.TestRunner.run(TestRunner.java:505)
at org.testng.SuiteRunner.runTest(SuiteRunner.java:455)
at org.testng.SuiteRunner.runSequentially(SuiteRunner.java:450)
at org.testng.SuiteRunner.privateRun(SuiteRunner.java:415)
at org.testng.SuiteRunner.run(SuiteRunner.java:364)
at org.testng.SuiteRunnerWorker.runSuite(SuiteRunnerWorker.java:52)
at org.testng.SuiteRunnerWorker.run(SuiteRunnerWorker.java:84)
at org.testng.TestNG.runSuitesSequentially(TestNG.java:1208)
at org.testng.TestNG.runSuitesLocally(TestNG.java:1137)
at org.testng.TestNG.runSuites(TestNG.java:1049)
at org.testng.TestNG.run(TestNG.java:1017)
at org.testng.remote.AbstractRemoteTestNG.run(AbstractRemoteTestNG.java:115)
at org.testng.remote.RemoteTestNG.initAndRun(RemoteTestNG.java:251)
at org.testng.remote.RemoteTestNG.main(RemoteTestNG.java:77)
]]>
    </failure>
  </testcase> <!-- btn_openParent -->
  <testcase name="HomePageTitleTest" time="0.146" classname="zClassCalcScnt.testLayer.ScientificFunctionalityTest"/>
  <testcase name="btn_FiveTest" time="0.300" classname="zClassCalcScnt.testLayer.ScientificFunctionalityTest"/>
  <testcase name="btn_ThreeTest" time="0.259" classname="zClassCalcScnt.testLayer.ScientificFunctionalityTest"/>
  <testcase name="btn_TwoTest" time="0.221" classname="zClassCalcScnt.testLayer.ScientificFunctionalityTest"/>
  <testcase name="AutoCalculate1Test" classname="zClassCalcScnt.testLayer.ScientificFunctionalityTest">
    <skipped/>
  </testcase> <!-- AutoCalculate1Test -->
  <testcase name="btn_closeParent" classname="zClassCalcScnt.testLayer.ScientificFunctionalityTest">
    <skipped/>
  </testcase> <!-- btn_closeParent -->
  <testcase name="AutoCalculate2Test" classname="zClassCalcScnt.testLayer.ScientificFunctionalityTest">
    <skipped/>
  </testcase> <!-- AutoCalculate2Test -->
</testsuite> <!-- zClassCalcScnt.testLayer.ScientificFunctionalityTest -->
